Task :expo-dev-menu:compileReleaseKotlin
w: generateFunctionKeyMetaClasses is deprecated. It was replaced by emitting annotations on functions instead. Use generateFunctionKeyMetaAnnotations instead.
w: intrinsicRemember is deprecated. Use plugin:androidx.compose.compiler.plugins.kotlin:featureFlag=IntrinsicRemember instead
w: nonSkippingGroupOptimization is deprecated. Use plugin:androidx.compose.compiler.plugins.kotlin:featureFlag=OptimizeNonSkippingGroups instead
w: experimentalStrongSkipping is deprecated. Use plugin:androidx.compose.compiler.plugins.kotlin:featureFlag=StrongSkipping instead
w: file:///home/expo/workingdir/build/mobile/node_modules/expo-dev-menu/android/src/main/java/com/facebook/react/devsupport/DevMenuSettingsBase.kt:6:8 'class PreferenceManager : Any' is deprecated. Deprecated in Java.
w: file:///home/expo/workingdir/build/mobile/node_modules/expo-dev-menu/android/src/main/java/com/facebook/react/devsupport/DevMenuSettingsBase.kt:18:51 'class PreferenceManager : Any' is deprecated. Deprecated in Java.
w: file:///home/expo/workingdir/build/mobile/node_modules/expo-dev-menu/android/src/main/java/com/facebook/react/devsupport/DevMenuSettingsBase.kt:18:69 'static fun getDefaultSharedPreferences(p0: Context!): SharedPreferences!' is deprecated. Deprecated in Java.
w: file:///home/expo/workingdir/build/mobile/node_modules/expo-dev-menu/android/src/main/java/com/facebook/react/devsupport/DevMenuSettingsBase.kt:51:13 This code uses error suppression for 'NOTHING_TO_OVERRIDE'. While it might compile and work, the compiler behavior is UNSPECIFIED and WILL NOT BE PRESERVED. Please report your use case to the Kotlin issue tracker instead: https://kotl.in/issue
w: file:///home/expo/workingdir/build/mobile/node_modules/expo-dev-menu/android/src/main/java/com/facebook/react/devsupport/DevMenuSettingsBase.kt:58:13 This code uses error suppression for 'NOTHING_TO_OVERRIDE'. While it might compile and work, the compiler behavior is UNSPECIFIED and WILL NOT BE PRESERVED. Please report your use case to the Kotlin issue tracker instead: https://kotl.in/issue
w: file:///home/expo/workingdir/build/mobile/node_modules/expo-dev-menu/android/src/main/java/expo/modules/devmenu/DevMenuPackage.kt:28:16 This declaration overrides a deprecated member but is not marked as deprecated itself. Add the '@Deprecated' annotation or suppress the diagnostic.
w: file:///home/expo/workingdir/build/mobile/node_modules/expo-dev-menu/android/src/main/java/expo/modules/devmenu/DevMenuPackage.kt:47:78 'val reactNativeHost: ReactNativeHost' is deprecated. You should not use ReactNativeHost directly in the New Architecture. Use ReactHost instead.
w: file:///home/expo/workingdir/build/mobile/node_modules/expo-dev-menu/android/src/release/java/expo/modules/devmenu/DevMenuManager.kt:80:43 The corresponding parameter in the supertype 'DevMenuManagerInterface' is named 'shouldAutoLaunch'. This may cause problems when calling this function with named arguments.
> Task :app:mergeReleaseResources
> Task :react-native-gesture-handler:lintVitalAnalyzeRelease
[Incubating] Problems report is available at: file:///home/expo/workingdir/build/mobile/android/build/reports/problems/problems-report.html
Deprecated Gradle features were used in this build, making it incompatible with Gradle 9.0.
You can use '--warning-mode all' to show the individual deprecation warnings and determine if they come from your own scripts or plugins.
For more on this, please refer to https://docs.gradle.org/8.14.3/userguide/command_line_interface.html#sec:command_line_warnings in the Gradle documentation.
633 actionable tasks: 633 executed
FAILURE: Build failed with an exception.
* What went wrong:
Execution failed for task ':expo-updates:kspReleaseKotlin'.
> A failure occurred while executing org.jetbrains.kotlin.compilerRunner.GradleCompilerRunnerWithWorkers$GradleKotlinCompilerWorkAction
   > Internal compiler error. See log for more details
* Try:
> Run with --stacktrace option to get the stack trace.
> Run with --info or --debug option to get more log output.
> Run with --scan to get full insights.
> Get more help at https://help.gradle.org.
BUILD FAILED in 4m 15s
Error: Gradle build failed with unknown error. See logs for the "Run gradlew" phase for more information.